android/app/build/intermediates/manifest_merge_blame_file/debug/manifest-merger-blame-debug-report.txt
1<?xml version="1.0" encoding="utf-8"?>
2<manifest xmlns:android="http://schemas.android.com/apk/res/android"
3    package="com.hydrocart"
4    android:versionCode="1"
5    android:versionName="1.0" >
6
7    <uses-sdk
8        android:minSdkVersion="21"
9        android:targetSdkVersion="34" />
10
11    <uses-permission android:name="android.permission.INTERNET" />
11-->src/main/AndroidManifest.xml:3:5-67
11-->src/main/AndroidManifest.xml:3:22-64
12    <uses-permission android:name="android.permission.ACCESS_NETWORK_STATE" />
12-->[:react-native-community_netinfo] AndroidManifest.xml:7:5-79
12-->[:react-native-community_netinfo] AndroidManifest.xml:7:22-76
13    <uses-permission android:name="android.permission.ACCESS_WIFI_STATE" /> <!-- Required to access Google Play Licensing -->
13-->[:react-native-community_netinfo] AndroidManifest.xml:8:5-76
13-->[:react-native-community_netinfo] AndroidManifest.xml:8:22-73
14    <uses-permission android:name="com.android.vending.CHECK_LICENSE" />
14-->[:rn-fetch-blob] AndroidManifest.xml:8:5-73
14-->[:rn-fetch-blob] AndroidManifest.xml:8:22-70
15    <!--
16         Required to keep CPU alive while downloading files
17        (NOT to keep screen awake)
18    -->
19    <uses-permission android:name="android.permission.WAKE_LOCK" /> <!-- Required to read and write the expansion files on shared storage -->
19-->[:rn-fetch-blob] AndroidManifest.xml:17:5-68
19-->[:rn-fetch-blob] AndroidManifest.xml:17:22-65
20    <uses-permission android:name="android.permission.WRITE_EXTERNAL_STORAGE" />
20-->[:rn-fetch-blob] AndroidManifest.xml:29:5-81
20-->[:rn-fetch-blob] AndroidManifest.xml:29:22-78
21    <uses-permission android:name="android.permission.READ_EXTERNAL_STORAGE" />
22    <!--
23    This manifest file is used only by Gradle to configure debug-only capabilities
24    for React Native Apps.
25    -->
26    <uses-permission android:name="android.permission.SYSTEM_ALERT_WINDOW" /> <!-- Required by older versions of Google Play services to create IID tokens -->
26-->[com.facebook.react:react-android:0.73.4] AndroidManifest.xml:16:5-78
26-->[com.facebook.react:react-android:0.73.4] AndroidManifest.xml:16:22-75
27    <uses-permission android:name="com.google.android.c2dm.permission.RECEIVE" />
27-->[com.google.android.gms:play-services-iid:17.0.0] AndroidManifest.xml:23:5-82
27-->[com.google.android.gms:play-services-iid:17.0.0] AndroidManifest.xml:23:22-79
28
29    <permission
29-->[androidx.core:core:1.9.0] AndroidManifest.xml:22:5-24:47
30        android:name="com.hydrocart.DYNAMIC_RECEIVER_NOT_EXPORTED_PERMISSION"
30-->[androidx.core:core:1.9.0] AndroidManifest.xml:23:9-81
31        android:protectionLevel="signature" />
31-->[androidx.core:core:1.9.0] AndroidManifest.xml:24:9-44
32
33    <uses-permission android:name="com.hydrocart.DYNAMIC_RECEIVER_NOT_EXPORTED_PERMISSION" />
33-->[androidx.core:core:1.9.0] AndroidManifest.xml:26:5-97
33-->[androidx.core:core:1.9.0] AndroidManifest.xml:26:22-94
34    <uses-permission android:name="com.google.android.finsky.permission.BIND_GET_INSTALL_REFERRER_SERVICE" />
34-->[com.android.installreferrer:installreferrer:1.1.2] AndroidManifest.xml:9:5-110
34-->[com.android.installreferrer:installreferrer:1.1.2] AndroidManifest.xml:9:22-107
35
36    <application
36-->src/main/AndroidManifest.xml:5:5-24:19
37        android:name="com.hydrocart.MainApplication"
37-->src/main/AndroidManifest.xml:6:7-38
38        android:allowBackup="false"
38-->src/main/AndroidManifest.xml:10:7-34
39        android:appComponentFactory="androidx.core.app.CoreComponentFactory"
39-->[androidx.core:core:1.9.0] AndroidManifest.xml:28:18-86
40        android:debuggable="true"
41        android:extractNativeLibs="true"
42        android:icon="@mipmap/ic_launcher"
42-->src/main/AndroidManifest.xml:8:7-41
43        android:label="@string/app_name"
43-->src/main/AndroidManifest.xml:7:7-39
44        android:roundIcon="@mipmap/ic_launcher_round"
44-->src/main/AndroidManifest.xml:9:7-52
45        android:theme="@style/AppTheme"
45-->src/main/AndroidManifest.xml:11:7-38
46        android:usesCleartextTraffic="true" >
46-->src/debug/AndroidManifest.xml:6:9-44
47        <activity
47-->src/main/AndroidManifest.xml:12:7-23:18
48            android:name="com.hydrocart.MainActivity"
48-->src/main/AndroidManifest.xml:13:9-37
49            android:configChanges="keyboard|keyboardHidden|orientation|screenLayout|screenSize|smallestScreenSize|uiMode"
49-->src/main/AndroidManifest.xml:15:9-118
50            android:exported="true"
50-->src/main/AndroidManifest.xml:18:9-32
51            android:label="@string/app_name"
51-->src/main/AndroidManifest.xml:14:9-41
52            android:launchMode="singleTask"
52-->src/main/AndroidManifest.xml:16:9-40
53            android:windowSoftInputMode="adjustResize" >
53-->src/main/AndroidManifest.xml:17:9-51
54            <intent-filter>
54-->src/main/AndroidManifest.xml:19:9-22:25
55                <action android:name="android.intent.action.MAIN" />
55-->src/main/AndroidManifest.xml:20:13-65
55-->src/main/AndroidManifest.xml:20:21-62
56
57                <category android:name="android.intent.category.LAUNCHER" />
57-->src/main/AndroidManifest.xml:21:13-73
57-->src/main/AndroidManifest.xml:21:23-70
58            </intent-filter>
59        </activity>
60        <activity android:name="com.masteratul.exceptionhandler.DefaultErrorScreen" >
60-->[:react-native-exception-handler] AndroidManifest.xml:8:9-9:20
60-->[:react-native-exception-handler] AndroidManifest.xml:8:19-84
61        </activity>
62
63        <provider
63-->[:react-native-image-picker] AndroidManifest.xml:8:9-16:20
64            android:name="com.imagepicker.ImagePickerProvider"
64-->[:react-native-image-picker] AndroidManifest.xml:9:13-63
65            android:authorities="com.hydrocart.imagepickerprovider"
65-->[:react-native-image-picker] AndroidManifest.xml:10:13-71
66            android:exported="false"
66-->[:react-native-image-picker] AndroidManifest.xml:11:13-37
67            android:grantUriPermissions="true" >
67-->[:react-native-image-picker] AndroidManifest.xml:12:13-47
68            <meta-data
68-->[:react-native-image-picker] AndroidManifest.xml:13:13-15:70
69                android:name="android.support.FILE_PROVIDER_PATHS"
69-->[:react-native-image-picker] AndroidManifest.xml:14:17-67
70                android:resource="@xml/imagepicker_provider_paths" />
70-->[:react-native-image-picker] AndroidManifest.xml:15:17-67
71        </provider>
72        <provider
72-->[:react-native-webview] AndroidManifest.xml:8:9-16:20
73            android:name="com.reactnativecommunity.webview.RNCWebViewFileProvider"
73-->[:react-native-webview] AndroidManifest.xml:9:13-83
74            android:authorities="com.hydrocart.fileprovider"
74-->[:react-native-webview] AndroidManifest.xml:10:13-64
75            android:exported="false"
75-->[:react-native-webview] AndroidManifest.xml:11:13-37
76            android:grantUriPermissions="true" >
76-->[:react-native-webview] AndroidManifest.xml:12:13-47
77            <meta-data
77-->[:react-native-image-picker] AndroidManifest.xml:13:13-15:70
78                android:name="android.support.FILE_PROVIDER_PATHS"
78-->[:react-native-image-picker] AndroidManifest.xml:14:17-67
79                android:resource="@xml/file_provider_paths" />
79-->[:react-native-image-picker] AndroidManifest.xml:15:17-67
80        </provider>
81        <provider
81-->[:rn-fetch-blob] AndroidManifest.xml:32:9-40:20
82            android:name="com.RNFetchBlob.Utils.FileProvider"
82-->[:rn-fetch-blob] AndroidManifest.xml:33:13-62
83            android:authorities="com.hydrocart.provider"
83-->[:rn-fetch-blob] AndroidManifest.xml:34:13-60
84            android:exported="false"
84-->[:rn-fetch-blob] AndroidManifest.xml:35:13-37
85            android:grantUriPermissions="true" >
85-->[:rn-fetch-blob] AndroidManifest.xml:36:13-47
86            <meta-data
86-->[:react-native-image-picker] AndroidManifest.xml:13:13-15:70
87                android:name="android.support.FILE_PROVIDER_PATHS"
87-->[:react-native-image-picker] AndroidManifest.xml:14:17-67
88                android:resource="@xml/provider_paths" />
88-->[:react-native-image-picker] AndroidManifest.xml:15:17-67
89        </provider>
90
91        <activity
91-->[com.facebook.react:react-android:0.73.4] AndroidManifest.xml:19:9-21:40
92            android:name="com.facebook.react.devsupport.DevSettingsActivity"
92-->[com.facebook.react:react-android:0.73.4] AndroidManifest.xml:20:13-77
93            android:exported="false" />
93-->[com.facebook.react:react-android:0.73.4] AndroidManifest.xml:21:13-37
94        <activity
94-->[com.google.android.gms:play-services-base:17.0.0] AndroidManifest.xml:23:9-26:75
95            android:name="com.google.android.gms.common.api.GoogleApiActivity"
95-->[com.google.android.gms:play-services-base:17.0.0] AndroidManifest.xml:24:13-79
96            android:exported="false"
96-->[com.google.android.gms:play-services-base:17.0.0] AndroidManifest.xml:25:13-37
97            android:theme="@android:style/Theme.Translucent.NoTitleBar" />
97-->[com.google.android.gms:play-services-base:17.0.0] AndroidManifest.xml:26:13-72
98
99        <meta-data
99-->[com.google.android.gms:play-services-basement:17.0.0] AndroidManifest.xml:23:9-25:69
100            android:name="com.google.android.gms.version"
100-->[com.google.android.gms:play-services-basement:17.0.0] AndroidManifest.xml:24:13-58
101            android:value="@integer/google_play_services_version" />
101-->[com.google.android.gms:play-services-basement:17.0.0] AndroidManifest.xml:25:13-66
102
103        <provider
103-->[androidx.emoji2:emoji2:1.2.0] AndroidManifest.xml:24:9-32:20
104            android:name="androidx.startup.InitializationProvider"
104-->[androidx.emoji2:emoji2:1.2.0] AndroidManifest.xml:25:13-67
105            android:authorities="com.hydrocart.androidx-startup"
105-->[androidx.emoji2:emoji2:1.2.0] AndroidManifest.xml:26:13-68
106            android:exported="false" >
106-->[androidx.emoji2:emoji2:1.2.0] AndroidManifest.xml:27:13-37
107            <meta-data
107-->[androidx.emoji2:emoji2:1.2.0] AndroidManifest.xml:29:13-31:52
108                android:name="androidx.emoji2.text.EmojiCompatInitializer"
108-->[androidx.emoji2:emoji2:1.2.0] AndroidManifest.xml:30:17-75
109                android:value="androidx.startup" />
109-->[androidx.emoji2:emoji2:1.2.0] AndroidManifest.xml:31:17-49
110            <meta-data
110-->[androidx.lifecycle:lifecycle-process:2.4.1] AndroidManifest.xml:31:13-33:52
111                android:name="androidx.lifecycle.ProcessLifecycleInitializer"
111-->[androidx.lifecycle:lifecycle-process:2.4.1] AndroidManifest.xml:32:17-78
112                android:value="androidx.startup" />
112-->[androidx.lifecycle:lifecycle-process:2.4.1] AndroidManifest.xml:33:17-49
113        </provider>
114
115        <meta-data
115-->[com.facebook.soloader:soloader:0.10.5] AndroidManifest.xml:12:9-14:37
116            android:name="com.facebook.soloader.enabled"
116-->[com.facebook.soloader:soloader:0.10.5] AndroidManifest.xml:13:13-57
117            android:value="false" />
117-->[com.facebook.soloader:soloader:0.10.5] AndroidManifest.xml:14:13-34
118    </application>
119
120</manifest>